Min Values: Stirn: 54.00 	| Mund: 9.00 
Max Values: Stirn: 1153.00 	| Mund: 225.00 

- - - - -

read next frame:  FrameNr.:  1 | Unit5: 0 | Stirn: 291 | Mund: 122 

Frame   1	 Gefühl		 Nr : Pl(x)  |  B(x)   |  Z(x) 
		(Angst  )	[0] : 0.471  |  0.367  | 0.529 
		(Wut    )	[1] : 0.457  |  0.354  | 0.543 
		(Freude )	[2] : 0.258  |  0.175  | 0.742 

Accumulated measures over the last 7 frames:
Frame 1 bis 1	 Gefühl		 Nr : Pl(x)  |  B(x)   |  Z(x) 
		(Angst  )	[0] : 0.471  |  0.367  | 0.529 
		(Wut    )	[1] : 0.457  |  0.354  | 0.543 
		(Freude )	[2] : 0.258  |  0.175  | 0.742 

- - - - -

read next frame:  FrameNr.:  2 | Unit5: 0 | Stirn: 392 | Mund: 101 

Frame   2	 Gefühl		 Nr : Pl(x)  |  B(x)   |  Z(x) 
		(Angst  )	[0] : 0.617  |  0.527  | 0.383 
		(Wut    )	[1] : 0.356  |  0.266  | 0.644 
		(Freude )	[2] : 0.189  |  0.117  | 0.811 

Accumulated measures over the last 7 frames:
Frame 1 bis 2	 Gefühl		 Nr : Pl(x)  |  B(x)   |  Z(x) 
		(Angst  )	[0] : 0.471  |  0.367  | 0.529 
		(Wut    )	[1] : 0.457  |  0.354  | 0.543 
		(Freude )	[2] : 0.258  |  0.175  | 0.742 

- - - - -

read next frame:  FrameNr.:  3 | Unit5: 1 | Stirn: 546 | Mund: 107 

Frame   3	 Gefühl		 Nr : Pl(x)  |  B(x)   |  Z(x) 
		(Angst  )	[0] : 0.738  |  0.654  | 0.262 
		(Wut    )	[1] : 0.272  |  0.189  | 0.728 
		(Freude )	[2] : 0.115  |  0.074  | 0.885 

Accumulated measures over the last 7 frames:
Frame 1 bis 3	 Gefühl		 Nr : Pl(x)  |  B(x)   |  Z(x) 
		(Angst  )	[0] : 0.597  |  0.578  | 0.403 
		(Wut    )	[1] : 0.334  |  0.315  | 0.666 
		(Freude )	[2] : 0.100  |  0.088  | 0.900 

- - - - -

read next frame:  FrameNr.:  4 | Unit5: 1 | Stirn: 811 | Mund: 90 

Frame   4	 Gefühl		 Nr : Pl(x)  |  B(x)   |  Z(x) 
		(Angst  )	[0] : 0.891  |  0.829  | 0.109 
		(Wut    )	[1] : 0.128  |  0.066  | 0.872 
		(Freude )	[2] : 0.074  |  0.043  | 0.926 

Accumulated measures over the last 7 frames:
Frame 1 bis 4	 Gefühl		 Nr : Pl(x)  |  B(x)   |  Z(x) 
		(Angst  )	[0] : 0.814  |  0.811  | 0.186 
		(Wut    )	[1] : 0.168  |  0.165  | 0.832 
		(Freude )	[2] : 0.021  |  0.020  | 0.979 

- - - - -

read next frame:  FrameNr.:  5 | Unit5: 1 | Stirn: 1068 | Mund: 87 

Frame   5	 Gefühl		 Nr : Pl(x)  |  B(x)   |  Z(x) 
		(Angst  )	[0] : 0.960  |  0.932  | 0.040 
		(Wut    )	[1] : 0.050  |  0.022  | 0.950 
		(Freude )	[2] : 0.032  |  0.018  | 0.968 

Accumulated measures over the last 7 frames:
Frame 1 bis 5	 Gefühl		 Nr : Pl(x)  |  B(x)   |  Z(x) 
		(Angst  )	[0] : 0.969  |  0.969  | 0.031 
		(Wut    )	[1] : 0.029  |  0.029  | 0.971 
		(Freude )	[2] : 0.002  |  0.002  | 0.998 

- - - - -

read next frame:  FrameNr.:  6 | Unit5: 1 | Stirn: 1029 | Mund: 43 

Frame   6	 Gefühl		 Nr : Pl(x)  |  B(x)   |  Z(x) 
		(Angst  )	[0] : 0.991  |  0.949  | 0.009 
		(Wut    )	[1] : 0.045  |  0.003  | 0.955 
		(Freude )	[2] : 0.027  |  0.006  | 0.973 

Accumulated measures over the last 7 frames:
Frame 1 bis 6	 Gefühl		 Nr : Pl(x)  |  B(x)   |  Z(x) 
		(Angst  )	[0] : 0.998  |  0.998  | 0.002 
		(Wut    )	[1] : 0.002  |  0.002  | 0.998 
		(Freude )	[2] : 0.000  |  0.000  | 1.000 

- - - - -

read next frame:  FrameNr.:  7 | Unit5: 1 | Stirn: 912 | Mund: 39 

Frame   7	 Gefühl		 Nr : Pl(x)  |  B(x)   |  Z(x) 
		(Angst  )	[0] : 0.968  |  0.923  | 0.032 
		(Wut    )	[1] : 0.073  |  0.027  | 0.927 
		(Freude )	[2] : 0.027  |  0.004  | 0.973 

Accumulated measures over the last 7 frames:
Frame 1 bis 7	 Gefühl		 Nr : Pl(x)  |  B(x)   |  Z(x) 
		(Angst  )	[0] : 1.000  |  1.000  | 0.000 
		(Wut    )	[1] : 0.000  |  0.000  | 1.000 
		(Freude )	[2] : 0.000  |  0.000  | 1.000 
Feeling found: 'Angst  '[0]

- - - - -

read next frame:  FrameNr.:  8 | Unit5: 1 | Stirn: 1031 | Mund: 52 

Frame   8	 Gefühl		 Nr : Pl(x)  |  B(x)   |  Z(x) 
		(Angst  )	[0] : 0.987  |  0.942  | 0.013 
		(Wut    )	[1] : 0.047  |  0.002  | 0.953 
		(Freude )	[2] : 0.033  |  0.011  | 0.967 

Accumulated measures over the last 7 frames:
Frame 1 bis 8	 Gefühl		 Nr : Pl(x)  |  B(x)   |  Z(x) 
		(Angst  )	[0] : 1.000  |  1.000  | 0.000 
		(Wut    )	[1] : 0.000  |  0.000  | 1.000 
		(Freude )	[2] : 0.000  |  0.000  | 1.000 
Feeling found: 'Angst  '[0]

- - - - -

read next frame:  FrameNr.:  9 | Unit5: 1 | Stirn: 855 | Mund: 47 

Frame   9	 Gefühl		 Nr : Pl(x)  |  B(x)   |  Z(x) 
		(Angst  )	[0] : 0.948  |  0.899  | 0.052 
		(Wut    )	[1] : 0.092  |  0.042  | 0.908 
		(Freude )	[2] : 0.034  |  0.009  | 0.966 

Accumulated measures over the last 7 frames:
Frame 2 bis 9	 Gefühl		 Nr : Pl(x)  |  B(x)   |  Z(x) 
		(Angst  )	[0] : 1.000  |  1.000  | 0.000 
		(Wut    )	[1] : -0.000  |  0.000  | 1.000 
		(Freude )	[2] : -0.000  |  0.000  | 1.000 
Feeling found: 'Angst  '[0]

- - - - -

read next frame:  FrameNr.: 10 | Unit5: 1 | Stirn: 987 | Mund: 41 

Frame  10	 Gefühl		 Nr : Pl(x)  |  B(x)   |  Z(x) 
		(Angst  )	[0] : 0.984  |  0.940  | 0.016 
		(Wut    )	[1] : 0.055  |  0.011  | 0.945 
		(Freude )	[2] : 0.027  |  0.005  | 0.973 

Accumulated measures over the last 7 frames:
Frame 3 bis 10	 Gefühl		 Nr : Pl(x)  |  B(x)   |  Z(x) 
		(Angst  )	[0] : 1.000  |  1.000  | 0.000 
		(Wut    )	[1] : -0.000  |  0.000  | 1.000 
		(Freude )	[2] : -0.000  |  0.000  | 1.000 
Feeling found: 'Angst  '[0]

- - - - -

read next frame:  FrameNr.: 11 | Unit5: 1 | Stirn: 927 | Mund: 49 

Frame  11	 Gefühl		 Nr : Pl(x)  |  B(x)   |  Z(x) 
		(Angst  )	[0] : 0.965  |  0.918  | 0.035 
		(Wut    )	[1] : 0.072  |  0.025  | 0.928 
		(Freude )	[2] : 0.034  |  0.010  | 0.966 

Accumulated measures over the last 7 frames:
Frame 4 bis 11	 Gefühl		 Nr : Pl(x)  |  B(x)   |  Z(x) 
		(Angst  )	[0] : 1.000  |  1.000  | 0.000 
		(Wut    )	[1] : -0.000  |  0.000  | 1.000 
		(Freude )	[2] : -0.000  |  0.000  | 1.000 
Feeling found: 'Angst  '[0]

- - - - -

read next frame:  FrameNr.: 12 | Unit5: 1 | Stirn: 882 | Mund: 42 

Frame  12	 Gefühl		 Nr : Pl(x)  |  B(x)   |  Z(x) 
		(Angst  )	[0] : 0.959  |  0.912  | 0.041 
		(Wut    )	[1] : 0.082  |  0.035  | 0.918 
		(Freude )	[2] : 0.030  |  0.006  | 0.970 

Accumulated measures over the last 7 frames:
Frame 5 bis 12	 Gefühl		 Nr : Pl(x)  |  B(x)   |  Z(x) 
		(Angst  )	[0] : 1.000  |  1.000  | 0.000 
		(Wut    )	[1] : -0.000  |  0.000  | 1.000 
		(Freude )	[2] : -0.000  |  0.000  | 1.000 
Feeling found: 'Angst  '[0]

- - - - -

read next frame:  FrameNr.: 13 | Unit5: 1 | Stirn: 921 | Mund: 72 

Frame  13	 Gefühl		 Nr : Pl(x)  |  B(x)   |  Z(x) 
		(Angst  )	[0] : 0.946  |  0.893  | 0.054 
		(Wut    )	[1] : 0.082  |  0.029  | 0.918 
		(Freude )	[2] : 0.052  |  0.025  | 0.948 

Accumulated measures over the last 7 frames:
Frame 6 bis 13	 Gefühl		 Nr : Pl(x)  |  B(x)   |  Z(x) 
		(Angst  )	[0] : 1.000  |  1.000  | 0.000 
		(Wut    )	[1] : -0.000  |  0.000  | 1.000 
		(Freude )	[2] : -0.000  |  0.000  | 1.000 
Feeling found: 'Angst  '[0]

- - - - -

read next frame:  FrameNr.: 14 | Unit5: 0 | Stirn: 734 | Mund: 91 

Frame  14	 Gefühl		 Nr : Pl(x)  |  B(x)   |  Z(x) 
		(Angst  )	[0] : 0.837  |  0.772  | 0.163 
		(Wut    )	[1] : 0.156  |  0.091  | 0.844 
		(Freude )	[2] : 0.124  |  0.072  | 0.876 

Accumulated measures over the last 7 frames:
Frame 7 bis 14	 Gefühl		 Nr : Pl(x)  |  B(x)   |  Z(x) 
		(Angst  )	[0] : 1.000  |  1.000  | 0.000 
		(Wut    )	[1] : -0.000  |  0.000  | 1.000 
		(Freude )	[2] : -0.000  |  0.000  | 1.000 
Feeling found: 'Angst  '[0]

- - - - -

read next frame:  FrameNr.: 15 | Unit5: 0 | Stirn: 521 | Mund: 121 

Frame  15	 Gefühl		 Nr : Pl(x)  |  B(x)   |  Z(x) 
		(Angst  )	[0] : 0.653  |  0.568  | 0.347 
		(Wut    )	[1] : 0.289  |  0.203  | 0.711 
		(Freude )	[2] : 0.212  |  0.143  | 0.788 

Accumulated measures over the last 7 frames:
Frame 8 bis 15	 Gefühl		 Nr : Pl(x)  |  B(x)   |  Z(x) 
		(Angst  )	[0] : 1.000  |  1.000  | 0.000 
		(Wut    )	[1] : 0.000  |  0.000  | 1.000 
		(Freude )	[2] : -0.000  |  0.000  | 1.000 
Feeling found: 'Angst  '[0]

- - - - -

read next frame:  FrameNr.: 16 | Unit5: 0 | Stirn: 344 | Mund: 162 

Frame  16	 Gefühl		 Nr : Pl(x)  |  B(x)   |  Z(x) 
		(Angst  )	[0] : 0.388  |  0.279  | 0.612 
		(Wut    )	[1] : 0.456  |  0.347  | 0.544 
		(Freude )	[2] : 0.352  |  0.265  | 0.648 

Accumulated measures over the last 7 frames:
Frame 9 bis 16	 Gefühl		 Nr : Pl(x)  |  B(x)   |  Z(x) 
		(Angst  )	[0] : 1.000  |  1.000  | 0.000 
		(Wut    )	[1] : 0.000  |  0.000  | 1.000 
		(Freude )	[2] : 0.000  |  0.000  | 1.000 
Feeling found: 'Angst  '[0]

- - - - -

read next frame:  FrameNr.: 17 | Unit5: 0 | Stirn: 213 | Mund: 195 

Frame  17	 Gefühl		 Nr : Pl(x)  |  B(x)   |  Z(x) 
		(Angst  )	[0] : 0.176  |  0.056  | 0.824 
		(Wut    )	[1] : 0.577  |  0.456  | 0.423 
		(Freude )	[2] : 0.464  |  0.368  | 0.536 

Accumulated measures over the last 7 frames:
Frame 10 bis 17	 Gefühl		 Nr : Pl(x)  |  B(x)   |  Z(x) 
		(Angst  )	[0] : 1.000  |  1.000  | 0.000 
		(Wut    )	[1] : 0.000  |  0.000  | 1.000 
		(Freude )	[2] : 0.000  |  0.000  | 1.000 
Feeling found: 'Angst  '[0]

- - - - -

read next frame:  FrameNr.: 18 | Unit5: 0 | Stirn: 210 | Mund: 181 

Frame  18	 Gefühl		 Nr : Pl(x)  |  B(x)   |  Z(x) 
		(Angst  )	[0] : 0.218  |  0.099  | 0.782 
		(Wut    )	[1] : 0.569  |  0.451  | 0.431 
		(Freude )	[2] : 0.426  |  0.331  | 0.574 

Accumulated measures over the last 7 frames:
Frame 11 bis 18	 Gefühl		 Nr : Pl(x)  |  B(x)   |  Z(x) 
		(Angst  )	[0] : 0.994  |  0.994  | 0.006 
		(Wut    )	[1] : 0.006  |  0.006  | 0.994 
		(Freude )	[2] : 0.000  |  0.000  | 1.000 
Feeling found: 'Angst  '[0]

- - - - -

read next frame:  FrameNr.: 19 | Unit5: 0 | Stirn: 187 | Mund: 172 

Frame  19	 Gefühl		 Nr : Pl(x)  |  B(x)   |  Z(x) 
		(Angst  )	[0] : 0.227  |  0.108  | 0.773 
		(Wut    )	[1] : 0.581  |  0.462  | 0.419 
		(Freude )	[2] : 0.406  |  0.311  | 0.594 

Accumulated measures over the last 7 frames:
Frame 12 bis 19	 Gefühl		 Nr : Pl(x)  |  B(x)   |  Z(x) 
		(Angst  )	[0] : 0.830  |  0.830  | 0.170 
		(Wut    )	[1] : 0.152  |  0.152  | 0.848 
		(Freude )	[2] : 0.018  |  0.018  | 0.982 

- - - - -

read next frame:  FrameNr.: 20 | Unit5: 0 | Stirn: 245 | Mund: 162 

Frame  20	 Gefühl		 Nr : Pl(x)  |  B(x)   |  Z(x) 
		(Angst  )	[0] : 0.307  |  0.192  | 0.693 
		(Wut    )	[1] : 0.530  |  0.415  | 0.470 
		(Freude )	[2] : 0.370  |  0.278  | 0.630 

Accumulated measures over the last 7 frames:
Frame 13 bis 20	 Gefühl		 Nr : Pl(x)  |  B(x)   |  Z(x) 
		(Angst  )	[0] : 0.195  |  0.195  | 0.805 
		(Wut    )	[1] : 0.711  |  0.711  | 0.289 
		(Freude )	[2] : 0.094  |  0.094  | 0.906 

- - - - -

read next frame:  FrameNr.: 21 | Unit5: 0 | Stirn: 301 | Mund: 154 

Frame  21	 Gefühl		 Nr : Pl(x)  |  B(x)   |  Z(x) 
		(Angst  )	[0] : 0.381  |  0.271  | 0.619 
		(Wut    )	[1] : 0.479  |  0.369  | 0.521 
		(Freude )	[2] : 0.337  |  0.250  | 0.663 

Accumulated measures over the last 7 frames:
Frame 14 bis 21	 Gefühl		 Nr : Pl(x)  |  B(x)   |  Z(x) 
		(Angst  )	[0] : 0.035  |  0.035  | 0.965 
		(Wut    )	[1] : 0.864  |  0.864  | 0.136 
		(Freude )	[2] : 0.101  |  0.101  | 0.899 

- - - - -

read next frame:  FrameNr.: 22 | Unit5: 0 | Stirn: 275 | Mund: 150 

Frame  22	 Gefühl		 Nr : Pl(x)  |  B(x)   |  Z(x) 
		(Angst  )	[0] : 0.371  |  0.261  | 0.629 
		(Wut    )	[1] : 0.495  |  0.385  | 0.505 
		(Freude )	[2] : 0.332  |  0.244  | 0.668 

Accumulated measures over the last 7 frames:
Frame 15 bis 22	 Gefühl		 Nr : Pl(x)  |  B(x)   |  Z(x) 
		(Angst  )	[0] : 0.012  |  0.012  | 0.988 
		(Wut    )	[1] : 0.892  |  0.892  | 0.108 
		(Freude )	[2] : 0.096  |  0.096  | 0.904 

- - - - -

read next frame:  FrameNr.: 23 | Unit5: 0 | Stirn: 176 | Mund: 100 

Frame  23	 Gefühl		 Nr : Pl(x)  |  B(x)   |  Z(x) 
		(Angst  )	[0] : 0.406  |  0.293  | 0.594 
		(Wut    )	[1] : 0.561  |  0.448  | 0.439 
		(Freude )	[2] : 0.237  |  0.146  | 0.763 

Accumulated measures over the last 7 frames:
Frame 16 bis 23	 Gefühl		 Nr : Pl(x)  |  B(x)   |  Z(x) 
		(Angst  )	[0] : 0.011  |  0.011  | 0.989 
		(Wut    )	[1] : 0.935  |  0.935  | 0.065 
		(Freude )	[2] : 0.055  |  0.055  | 0.945 
Feeling found: 'Wut    '[1]

- - - - -

read next frame:  FrameNr.: 24 | Unit5: 0 | Stirn: 141 | Mund: 95 

Frame  24	 Gefühl		 Nr : Pl(x)  |  B(x)   |  Z(x) 
		(Angst  )	[0] : 0.401  |  0.337  | 0.599 
		(Wut    )	[1] : 0.587  |  0.523  | 0.413 
		(Freude )	[2] : 0.127  |  0.076  | 0.873 

Accumulated measures over the last 7 frames:
Frame 17 bis 24	 Gefühl		 Nr : Pl(x)  |  B(x)   |  Z(x) 
		(Angst  )	[0] : 0.024  |  0.024  | 0.976 
		(Wut    )	[1] : 0.960  |  0.960  | 0.040 
		(Freude )	[2] : 0.015  |  0.015  | 0.985 
Feeling found: 'Wut    '[1]

- - - - -

read next frame:  FrameNr.: 25 | Unit5: 0 | Stirn: 189 | Mund: 80 

Frame  25	 Gefühl		 Nr : Pl(x)  |  B(x)   |  Z(x) 
		(Angst  )	[0] : 0.472  |  0.362  | 0.528 
		(Wut    )	[1] : 0.537  |  0.427  | 0.463 
		(Freude )	[2] : 0.188  |  0.101  | 0.812 

Accumulated measures over the last 7 frames:
Frame 18 bis 25	 Gefühl		 Nr : Pl(x)  |  B(x)   |  Z(x) 
		(Angst  )	[0] : 0.055  |  0.055  | 0.945 
		(Wut    )	[1] : 0.938  |  0.938  | 0.062 
		(Freude )	[2] : 0.007  |  0.007  | 0.993 
Feeling found: 'Wut    '[1]

- - - - -

read next frame:  FrameNr.: 26 | Unit5: 0 | Stirn: 105 | Mund: 72 

Frame  26	 Gefühl		 Nr : Pl(x)  |  B(x)   |  Z(x) 
		(Angst  )	[0] : 0.389  |  0.323  | 0.611 
		(Wut    )	[1] : 0.627  |  0.561  | 0.373 
		(Freude )	[2] : 0.103  |  0.050  | 0.897 

Accumulated measures over the last 7 frames:
Frame 19 bis 26	 Gefühl		 Nr : Pl(x)  |  B(x)   |  Z(x) 
		(Angst  )	[0] : 0.085  |  0.085  | 0.915 
		(Wut    )	[1] : 0.913  |  0.913  | 0.087 
		(Freude )	[2] : 0.002  |  0.002  | 0.998 
Feeling found: 'Wut    '[1]

- - - - -

read next frame:  FrameNr.: 27 | Unit5: 0 | Stirn: 137 | Mund: 81 

Frame  27	 Gefühl		 Nr : Pl(x)  |  B(x)   |  Z(x) 
		(Angst  )	[0] : 0.423  |  0.360  | 0.577 
		(Wut    )	[1] : 0.581  |  0.518  | 0.419 
		(Freude )	[2] : 0.109  |  0.059  | 0.891 

Accumulated measures over the last 7 frames:
Frame 20 bis 27	 Gefühl		 Nr : Pl(x)  |  B(x)   |  Z(x) 
		(Angst  )	[0] : 0.105  |  0.105  | 0.895 
		(Wut    )	[1] : 0.895  |  0.895  | 0.105 
		(Freude )	[2] : 0.000  |  0.000  | 1.000 

- - - - -

read next frame:  FrameNr.: 28 | Unit5: 0 | Stirn: 194 | Mund: 79 

Frame  28	 Gefühl		 Nr : Pl(x)  |  B(x)   |  Z(x) 
		(Angst  )	[0] : 0.481  |  0.372  | 0.519 
		(Wut    )	[1] : 0.530  |  0.421  | 0.470 
		(Freude )	[2] : 0.185  |  0.098  | 0.815 

Accumulated measures over the last 7 frames:
Frame 21 bis 28	 Gefühl		 Nr : Pl(x)  |  B(x)   |  Z(x) 
		(Angst  )	[0] : 0.118  |  0.118  | 0.882 
		(Wut    )	[1] : 0.882  |  0.882  | 0.118 
		(Freude )	[2] : 0.000  |  0.000  | 1.000 

- - - - -

read next frame:  FrameNr.: 29 | Unit5: 0 | Stirn: 104 | Mund: 87 

Frame  29	 Gefühl		 Nr : Pl(x)  |  B(x)   |  Z(x) 
		(Angst  )	[0] : 0.359  |  0.292  | 0.641 
		(Wut    )	[1] : 0.638  |  0.571  | 0.362 
		(Freude )	[2] : 0.123  |  0.070  | 0.877 

Accumulated measures over the last 7 frames:
Frame 22 bis 29	 Gefühl		 Nr : Pl(x)  |  B(x)   |  Z(x) 
		(Angst  )	[0] : 0.091  |  0.091  | 0.909 
		(Wut    )	[1] : 0.909  |  0.909  | 0.091 
		(Freude )	[2] : 0.000  |  0.000  | 1.000 
Feeling found: 'Wut    '[1]

- - - - -

read next frame:  FrameNr.: 30 | Unit5: 0 | Stirn: 122 | Mund: 77 

Frame  30	 Gefühl		 Nr : Pl(x)  |  B(x)   |  Z(x) 
		(Angst  )	[0] : 0.407  |  0.343  | 0.593 
		(Wut    )	[1] : 0.602  |  0.537  | 0.398 
		(Freude )	[2] : 0.106  |  0.055  | 0.894 

Accumulated measures over the last 7 frames:
Frame 23 bis 30	 Gefühl		 Nr : Pl(x)  |  B(x)   |  Z(x) 
		(Angst  )	[0] : 0.086  |  0.086  | 0.914 
		(Wut    )	[1] : 0.914  |  0.914  | 0.086 
		(Freude )	[2] : 0.000  |  0.000  | 1.000 
Feeling found: 'Wut    '[1]

- - - - -

read next frame:  FrameNr.: 31 | Unit5: 0 | Stirn: 159 | Mund: 91 

Frame  31	 Gefühl		 Nr : Pl(x)  |  B(x)   |  Z(x) 
		(Angst  )	[0] : 0.435  |  0.373  | 0.565 
		(Wut    )	[1] : 0.558  |  0.496  | 0.442 
		(Freude )	[2] : 0.118  |  0.069  | 0.882 

Accumulated measures over the last 7 frames:
Frame 24 bis 31	 Gefühl		 Nr : Pl(x)  |  B(x)   |  Z(x) 
		(Angst  )	[0] : 0.097  |  0.097  | 0.903 
		(Wut    )	[1] : 0.903  |  0.903  | 0.097 
		(Freude )	[2] : 0.000  |  0.000  | 1.000 
Feeling found: 'Wut    '[1]

- - - - -

read next frame:  FrameNr.: 32 | Unit5: 0 | Stirn: 134 | Mund: 74 

Frame  32	 Gefühl		 Nr : Pl(x)  |  B(x)   |  Z(x) 
		(Angst  )	[0] : 0.432  |  0.369  | 0.568 
		(Wut    )	[1] : 0.580  |  0.518  | 0.420 
		(Freude )	[2] : 0.100  |  0.050  | 0.900 

Accumulated measures over the last 7 frames:
Frame 25 bis 32	 Gefühl		 Nr : Pl(x)  |  B(x)   |  Z(x) 
		(Angst  )	[0] : 0.083  |  0.083  | 0.917 
		(Wut    )	[1] : 0.917  |  0.917  | 0.083 
		(Freude )	[2] : 0.000  |  0.000  | 1.000 
Feeling found: 'Wut    '[1]

- - - - -

read next frame:  FrameNr.: 33 | Unit5: 0 | Stirn: 293 | Mund: 91 

Frame  33	 Gefühl		 Nr : Pl(x)  |  B(x)   |  Z(x) 
		(Angst  )	[0] : 0.558  |  0.460  | 0.442 
		(Wut    )	[1] : 0.431  |  0.333  | 0.569 
		(Freude )	[2] : 0.187  |  0.109  | 0.813 

Accumulated measures over the last 7 frames:
Frame 26 bis 33	 Gefühl		 Nr : Pl(x)  |  B(x)   |  Z(x) 
		(Angst  )	[0] : 0.159  |  0.159  | 0.841 
		(Wut    )	[1] : 0.841  |  0.841  | 0.159 
		(Freude )	[2] : 0.000  |  0.000  | 1.000 

- - - - -

read next frame:  FrameNr.: 34 | Unit5: 0 | Stirn: 492 | Mund: 95 

Frame  34	 Gefühl		 Nr : Pl(x)  |  B(x)   |  Z(x) 
		(Angst  )	[0] : 0.703  |  0.622  | 0.297 
		(Wut    )	[1] : 0.282  |  0.201  | 0.718 
		(Freude )	[2] : 0.160  |  0.096  | 0.840 

Accumulated measures over the last 7 frames:
Frame 27 bis 34	 Gefühl		 Nr : Pl(x)  |  B(x)   |  Z(x) 
		(Angst  )	[0] : 0.393  |  0.393  | 0.607 
		(Wut    )	[1] : 0.607  |  0.607  | 0.393 
		(Freude )	[2] : 0.000  |  0.000  | 1.000 

- - - - -

read next frame:  FrameNr.: 35 | Unit5: 0 | Stirn: 741 | Mund: 81 

Frame  35	 Gefühl		 Nr : Pl(x)  |  B(x)   |  Z(x) 
		(Angst  )	[0] : 0.858  |  0.796  | 0.142 
		(Wut    )	[1] : 0.147  |  0.085  | 0.853 
		(Freude )	[2] : 0.107  |  0.058  | 0.893 

Accumulated measures over the last 7 frames:
Frame 28 bis 35	 Gefühl		 Nr : Pl(x)  |  B(x)   |  Z(x) 
		(Angst  )	[0] : 0.807  |  0.807  | 0.193 
		(Wut    )	[1] : 0.193  |  0.193  | 0.807 
		(Freude )	[2] : 0.000  |  0.000  | 1.000 

- - - - -

read next frame:  FrameNr.: 36 | Unit5: 1 | Stirn: 922 | Mund: 72 

Frame  36	 Gefühl		 Nr : Pl(x)  |  B(x)   |  Z(x) 
		(Angst  )	[0] : 0.946  |  0.893  | 0.054 
		(Wut    )	[1] : 0.082  |  0.029  | 0.918 
		(Freude )	[2] : 0.052  |  0.025  | 0.948 

Accumulated measures over the last 7 frames:
Frame 29 bis 36	 Gefühl		 Nr : Pl(x)  |  B(x)   |  Z(x) 
		(Angst  )	[0] : 0.989  |  0.989  | 0.011 
		(Wut    )	[1] : 0.011  |  0.011  | 0.989 
		(Freude )	[2] : 0.000  |  0.000  | 1.000 
Feeling found: 'Angst  '[0]

- - - - -

read next frame:  FrameNr.: 37 | Unit5: 1 | Stirn: 1103 | Mund: 62 

Frame  37	 Gefühl		 Nr : Pl(x)  |  B(x)   |  Z(x) 
		(Angst  )	[0] : 0.980  |  0.956  | 0.020 
		(Wut    )	[1] : 0.035  |  0.011  | 0.965 
		(Freude )	[2] : 0.021  |  0.009  | 0.979 

Accumulated measures over the last 7 frames:
Frame 30 bis 37	 Gefühl		 Nr : Pl(x)  |  B(x)   |  Z(x) 
		(Angst  )	[0] : 1.000  |  1.000  | 0.000 
		(Wut    )	[1] : 0.000  |  0.000  | 1.000 
		(Freude )	[2] : 0.000  |  0.000  | 1.000 
Feeling found: 'Angst  '[0]

- - - - -

read next frame:  FrameNr.: 38 | Unit5: 1 | Stirn: 1011 | Mund: 66 

Frame  38	 Gefühl		 Nr : Pl(x)  |  B(x)   |  Z(x) 
		(Angst  )	[0] : 0.973  |  0.925  | 0.027 
		(Wut    )	[1] : 0.055  |  0.007  | 0.945 
		(Freude )	[2] : 0.044  |  0.020  | 0.956 

Accumulated measures over the last 7 frames:
Frame 31 bis 38	 Gefühl		 Nr : Pl(x)  |  B(x)   |  Z(x) 
		(Angst  )	[0] : 1.000  |  1.000  | 0.000 
		(Wut    )	[1] : 0.000  |  0.000  | 1.000 
		(Freude )	[2] : 0.000  |  0.000  | 1.000 
Feeling found: 'Angst  '[0]

- - - - -

read next frame:  FrameNr.: 39 | Unit5: 1 | Stirn: 923 | Mund: 59 

Frame  39	 Gefühl		 Nr : Pl(x)  |  B(x)   |  Z(x) 
		(Angst  )	[0] : 0.957  |  0.907  | 0.043 
		(Wut    )	[1] : 0.076  |  0.027  | 0.924 
		(Freude )	[2] : 0.041  |  0.016  | 0.959 

Accumulated measures over the last 7 frames:
Frame 32 bis 39	 Gefühl		 Nr : Pl(x)  |  B(x)   |  Z(x) 
		(Angst  )	[0] : 1.000  |  1.000  | 0.000 
		(Wut    )	[1] : 0.000  |  0.000  | 1.000 
		(Freude )	[2] : 0.000  |  0.000  | 1.000 
Feeling found: 'Angst  '[0]

- - - - -

read next frame:  FrameNr.: 40 | Unit5: 1 | Stirn: 972 | Mund: 61 

Frame  40	 Gefühl		 Nr : Pl(x)  |  B(x)   |  Z(x) 
		(Angst  )	[0] : 0.967  |  0.919  | 0.033 
		(Wut    )	[1] : 0.064  |  0.016  | 0.936 
		(Freude )	[2] : 0.041  |  0.017  | 0.959 

Accumulated measures over the last 7 frames:
Frame 33 bis 40	 Gefühl		 Nr : Pl(x)  |  B(x)   |  Z(x) 
		(Angst  )	[0] : 1.000  |  1.000  | 0.000 
		(Wut    )	[1] : 0.000  |  0.000  | 1.000 
		(Freude )	[2] : -0.000  |  0.000  | 1.000 
Feeling found: 'Angst  '[0]

- - - - -

read next frame:  FrameNr.: 41 | Unit5: 1 | Stirn: 903 | Mund: 51 

Frame  41	 Gefühl		 Nr : Pl(x)  |  B(x)   |  Z(x) 
		(Angst  )	[0] : 0.958  |  0.909  | 0.042 
		(Wut    )	[1] : 0.079  |  0.031  | 0.921 
		(Freude )	[2] : 0.036  |  0.011  | 0.964 

Accumulated measures over the last 7 frames:
Frame 34 bis 41	 Gefühl		 Nr : Pl(x)  |  B(x)   |  Z(x) 
		(Angst  )	[0] : 1.000  |  1.000  | 0.000 
		(Wut    )	[1] : 0.000  |  0.000  | 1.000 
		(Freude )	[2] : 0.000  |  0.000  | 1.000 
Feeling found: 'Angst  '[0]

- - - - -

read next frame:  FrameNr.: 42 | Unit5: 0 | Stirn: 857 | Mund: 54 

Frame  42	 Gefühl		 Nr : Pl(x)  |  B(x)   |  Z(x) 
		(Angst  )	[0] : 0.935  |  0.885  | 0.065 
		(Wut    )	[1] : 0.093  |  0.043  | 0.907 
		(Freude )	[2] : 0.062  |  0.022  | 0.938 

Accumulated measures over the last 7 frames:
Frame 35 bis 42	 Gefühl		 Nr : Pl(x)  |  B(x)   |  Z(x) 
		(Angst  )	[0] : 1.000  |  1.000  | 0.000 
		(Wut    )	[1] : -0.000  |  0.000  | 1.000 
		(Freude )	[2] : -0.000  |  0.000  | 1.000 
Feeling found: 'Angst  '[0]

- - - - -

read next frame:  FrameNr.: 43 | Unit5: 0 | Stirn: 731 | Mund: 67 

Frame  43	 Gefühl		 Nr : Pl(x)  |  B(x)   |  Z(x) 
		(Angst  )	[0] : 0.877  |  0.818  | 0.123 
		(Wut    )	[1] : 0.143  |  0.084  | 0.857 
		(Freude )	[2] : 0.087  |  0.040  | 0.913 

Accumulated measures over the last 7 frames:
Frame 36 bis 43	 Gefühl		 Nr : Pl(x)  |  B(x)   |  Z(x) 
		(Angst  )	[0] : 1.000  |  1.000  | 0.000 
		(Wut    )	[1] : 0.000  |  0.000  | 1.000 
		(Freude )	[2] : 0.000  |  0.000  | 1.000 
Feeling found: 'Angst  '[0]

- - - - -

read next frame:  FrameNr.: 44 | Unit5: 0 | Stirn: 542 | Mund: 82 

Frame  44	 Gefühl		 Nr : Pl(x)  |  B(x)   |  Z(x) 
		(Angst  )	[0] : 0.762  |  0.689  | 0.238 
		(Wut    )	[1] : 0.241  |  0.168  | 0.759 
		(Freude )	[2] : 0.129  |  0.070  | 0.871 

Accumulated measures over the last 7 frames:
Frame 37 bis 44	 Gefühl		 Nr : Pl(x)  |  B(x)   |  Z(x) 
		(Angst  )	[0] : 1.000  |  1.000  | 0.000 
		(Wut    )	[1] : -0.000  |  0.000  | 1.000 
		(Freude )	[2] : -0.000  |  0.000  | 1.000 
Feeling found: 'Angst  '[0]

- - - - -

read next frame:  FrameNr.: 45 | Unit5: 0 | Stirn: 321 | Mund: 73 

Frame  45	 Gefühl		 Nr : Pl(x)  |  B(x)   |  Z(x) 
		(Angst  )	[0] : 0.629  |  0.537  | 0.371 
		(Wut    )	[1] : 0.391  |  0.300  | 0.609 
		(Freude )	[2] : 0.145  |  0.072  | 0.855 

Accumulated measures over the last 7 frames:
Frame 38 bis 45	 Gefühl		 Nr : Pl(x)  |  B(x)   |  Z(x) 
		(Angst  )	[0] : 1.000  |  1.000  | 0.000 
		(Wut    )	[1] : 0.000  |  0.000  | 1.000 
		(Freude )	[2] : -0.000  |  0.000  | 1.000 
Feeling found: 'Angst  '[0]

- - - - -

read next frame:  FrameNr.: 46 | Unit5: 0 | Stirn: 443 | Mund: 109 

Frame  46	 Gefühl		 Nr : Pl(x)  |  B(x)   |  Z(x) 
		(Angst  )	[0] : 0.634  |  0.546  | 0.366 
		(Wut    )	[1] : 0.327  |  0.239  | 0.673 
		(Freude )	[2] : 0.197  |  0.127  | 0.803 

Accumulated measures over the last 7 frames:
Frame 39 bis 46	 Gefühl		 Nr : Pl(x)  |  B(x)   |  Z(x) 
		(Angst  )	[0] : 1.000  |  1.000  | 0.000 
		(Wut    )	[1] : 0.000  |  0.000  | 1.000 
		(Freude )	[2] : 0.000  |  0.000  | 1.000 
Feeling found: 'Angst  '[0]

- - - - -

read next frame:  FrameNr.: 47 | Unit5: 0 | Stirn: 211 | Mund: 122 

Frame  47	 Gefühl		 Nr : Pl(x)  |  B(x)   |  Z(x) 
		(Angst  )	[0] : 0.390  |  0.279  | 0.610 
		(Wut    )	[1] : 0.533  |  0.422  | 0.467 
		(Freude )	[2] : 0.278  |  0.188  | 0.722 

Accumulated measures over the last 7 frames:
Frame 40 bis 47	 Gefühl		 Nr : Pl(x)  |  B(x)   |  Z(x) 
		(Angst  )	[0] : 1.000  |  1.000  | 0.000 
		(Wut    )	[1] : 0.000  |  0.000  | 1.000 
		(Freude )	[2] : 0.000  |  0.000  | 1.000 
Feeling found: 'Angst  '[0]

- - - - -

read next frame:  FrameNr.: 48 | Unit5: 0 | Stirn: 291 | Mund: 131 

Frame  48	 Gefühl		 Nr : Pl(x)  |  B(x)   |  Z(x) 
		(Angst  )	[0] : 0.444  |  0.339  | 0.556 
		(Wut    )	[1] : 0.465  |  0.360  | 0.535 
		(Freude )	[2] : 0.280  |  0.196  | 0.720 

Accumulated measures over the last 7 frames:
Frame 41 bis 48	 Gefühl		 Nr : Pl(x)  |  B(x)   |  Z(x) 
		(Angst  )	[0] : 0.998  |  0.998  | 0.002 
		(Wut    )	[1] : 0.002  |  0.002  | 0.998 
		(Freude )	[2] : 0.000  |  0.000  | 1.000 
Feeling found: 'Angst  '[0]

- - - - -

read next frame:  FrameNr.: 49 | Unit5: 0 | Stirn: 277 | Mund: 127 

Frame  49	 Gefühl		 Nr : Pl(x)  |  B(x)   |  Z(x) 
		(Angst  )	[0] : 0.443  |  0.337  | 0.557 
		(Wut    )	[1] : 0.474  |  0.368  | 0.526 
		(Freude )	[2] : 0.273  |  0.189  | 0.727 

Accumulated measures over the last 7 frames:
Frame 42 bis 49	 Gefühl		 Nr : Pl(x)  |  B(x)   |  Z(x) 
		(Angst  )	[0] : 0.975  |  0.975  | 0.025 
		(Wut    )	[1] : 0.025  |  0.025  | 0.975 
		(Freude )	[2] : 0.000  |  0.000  | 1.000 
Feeling found: 'Angst  '[0]

- - - - -

read next frame:  FrameNr.: 50 | Unit5: 0 | Stirn: 199 | Mund: 92 

Frame  50	 Gefühl		 Nr : Pl(x)  |  B(x)   |  Z(x) 
		(Angst  )	[0] : 0.455  |  0.345  | 0.545 
		(Wut    )	[1] : 0.530  |  0.421  | 0.470 
		(Freude )	[2] : 0.212  |  0.125  | 0.788 

Accumulated measures over the last 7 frames:
Frame 43 bis 50	 Gefühl		 Nr : Pl(x)  |  B(x)   |  Z(x) 
		(Angst  )	[0] : 0.845  |  0.845  | 0.155 
		(Wut    )	[1] : 0.153  |  0.153  | 0.847 
		(Freude )	[2] : 0.001  |  0.001  | 0.999 

----- ----- ----- -----

reading and calculating completetd
read 50 frames
Overall plausibility (note: zero if there are more than one feeling in the file)
Frame 1 bis 50	 Gefühl		 Nr : Pl(x)  |  B(x)   |  Z(x) 
		(Angst  )	[0] : 0.000  |  1.000  | 1.000 
		(Wut    )	[1] : 0.000  |  1.000  | 1.000 
		(Freude )	[2] : 0.000  |  1.000  | 1.000 


Following feelings have been recognized with mind 0.900:
		Angst  
		Wut    


